2564-04-12 21:54:54,677 [INFO] Activator:170 - 


2564-04-12 21:54:54,680 [INFO] Activator:171 - !SESSION log4j initialized
2564-04-12 22:06:25,419 [INFO] Activator:170 - 


2564-04-12 22:06:25,421 [INFO] Activator:171 - !SESSION log4j initialized
2564-04-13 19:37:47,459 [INFO] Activator:170 - 


2564-04-13 19:37:47,462 [INFO] Activator:171 - !SESSION log4j initialized
2564-04-14 11:46:14,111 [INFO] Activator:170 - 


2564-04-14 11:46:14,114 [INFO] Activator:171 - !SESSION log4j initialized
2564-04-14 20:44:37,561 [INFO] Activator:170 - 


2564-04-14 20:44:37,563 [INFO] Activator:171 - !SESSION log4j initialized
2564-04-14 20:45:12,319 [INFO] McuFinderGlobals:39 - Set McuFinder mode to 2 (CubeIDE integrated)
2564-04-14 20:45:14,483 [INFO] ApplicationProperties:181 - Using Application install path: C:\ST\STM32CubeIDE_1.6.0\STM32CubeIDE\plugins\com.st.stm32cube.common.mx_6.2.1.202103241236
2564-04-14 20:45:14,501 [INFO] DbMcusXml:74 - Set database path to: C:\ST\STM32CubeIDE_1.6.0\STM32CubeIDE\plugins\com.st.stm32cube.common.mx_6.2.1.202103241236\\db\/mcu/
2564-04-14 20:45:14,507 [INFO] DbBoardsPdsc:56 - Set plugin database path to: C:\ST\STM32CubeIDE_1.6.0\STM32CubeIDE\plugins\com.st.stm32cube.common.mx_6.2.1.202103241236\\db\/plugins/boardmanager/
2564-04-14 20:45:14,507 [INFO] DbMcus:258 - Set plugin images path to: C:\ST\STM32CubeIDE_1.6.0\STM32CubeIDE\plugins\com.st.stm32cube.common.mx_6.2.1.202103241236\\db\/plugins/mcufinder/images/
2564-04-14 20:45:14,508 [INFO] DbBoards:264 - Set plugin images path to: C:\ST\STM32CubeIDE_1.6.0\STM32CubeIDE\plugins\com.st.stm32cube.common.mx_6.2.1.202103241236\\db\/plugins/mcufinder/images/
2564-04-14 20:45:14,511 [INFO] DbExamples:333 - Set plugin images path to: C:\ST\STM32CubeIDE_1.6.0\STM32CubeIDE\plugins\com.st.stm32cube.common.mx_6.2.1.202103241236\\db\/plugins/mcufinder/images/
2564-04-14 20:45:14,526 [INFO] DbMcusAds:85 - Set database path to: C:\Users\PC\.stmcufinder\plugins\mcufinder//mcu/
2564-04-14 20:45:14,528 [INFO] DbMcusDocs:110 - Set database path to: C:\Users\PC\.stmcufinder\plugins\mcufinder//mcu/
2564-04-14 20:45:14,531 [INFO] DbMcusJson:65 - Set database path to: C:\Users\PC\.stmcufinder\plugins\mcufinder//mcu/
2564-04-14 20:45:14,533 [INFO] DbBoardsDocs:110 - Set database path to: C:\Users\PC\.stmcufinder\plugins\mcufinder//mcu/
2564-04-14 20:45:14,535 [INFO] DbBoardsJson:58 - Set database path to: C:\Users\PC\.stmcufinder\plugins\mcufinder//mcu/
2564-04-14 20:45:14,567 [INFO] CrossReferenceDbSqlite:196 - Set database path to: C:\Users\PC\.stmcufinder\plugins\mcufinder//mcu/cs/
2564-04-14 20:45:14,572 [INFO] DbExamplesSqlite:690 - Set database path to: C:\Users\PC\.stmcufinder\plugins\mcufinder//mcu/
2564-04-14 20:45:14,730 [INFO] RulesReader:52 - Compatibility file has been processed (237 Rules)
2564-04-14 20:45:14,882 [INFO] MicroXplorer:622 - Detected Java Version = 11.0.9.1
2564-04-14 20:45:14,883 [INFO] DbMcusXml:74 - Set database path to: C:\ST\STM32CubeIDE_1.6.0\STM32CubeIDE\plugins\com.st.stm32cube.common.mx_6.2.1.202103241236\\db\/mcu/
2564-04-14 20:45:14,884 [INFO] DbBoardsPdsc:56 - Set plugin database path to: C:\ST\STM32CubeIDE_1.6.0\STM32CubeIDE\plugins\com.st.stm32cube.common.mx_6.2.1.202103241236\\db\/plugins/boardmanager/
2564-04-14 20:45:14,884 [INFO] DbMcus:258 - Set plugin images path to: C:\ST\STM32CubeIDE_1.6.0\STM32CubeIDE\plugins\com.st.stm32cube.common.mx_6.2.1.202103241236\\db\/plugins/mcufinder/images/
2564-04-14 20:45:14,884 [INFO] DbBoards:264 - Set plugin images path to: C:\ST\STM32CubeIDE_1.6.0\STM32CubeIDE\plugins\com.st.stm32cube.common.mx_6.2.1.202103241236\\db\/plugins/mcufinder/images/
2564-04-14 20:45:14,884 [INFO] DbExamples:333 - Set plugin images path to: C:\ST\STM32CubeIDE_1.6.0\STM32CubeIDE\plugins\com.st.stm32cube.common.mx_6.2.1.202103241236\\db\/plugins/mcufinder/images/
2564-04-14 20:45:14,885 [WARN] DbFile:35 - Overriding database path with different value: C:\Users\PC\.stmcufinder\plugins\mcufinder/ => C:\Users\PC\.stmcufinder\plugins\mcufinder
2564-04-14 20:45:14,885 [INFO] DbMcusAds:85 - Set database path to: C:\Users\PC\.stmcufinder\plugins\mcufinder//mcu/
2564-04-14 20:45:14,885 [WARN] DbFile:35 - Overriding database path with different value: C:\Users\PC\.stmcufinder\plugins\mcufinder/ => C:\Users\PC\.stmcufinder\plugins\mcufinder
2564-04-14 20:45:14,885 [INFO] DbMcusDocs:110 - Set database path to: C:\Users\PC\.stmcufinder\plugins\mcufinder//mcu/
2564-04-14 20:45:14,885 [WARN] DbFile:35 - Overriding database path with different value: C:\Users\PC\.stmcufinder\plugins\mcufinder/ => C:\Users\PC\.stmcufinder\plugins\mcufinder
2564-04-14 20:45:14,886 [INFO] DbMcusJson:65 - Set database path to: C:\Users\PC\.stmcufinder\plugins\mcufinder//mcu/
2564-04-14 20:45:14,886 [WARN] DbFile:35 - Overriding database path with different value: C:\Users\PC\.stmcufinder\plugins\mcufinder/ => C:\Users\PC\.stmcufinder\plugins\mcufinder
2564-04-14 20:45:14,887 [INFO] DbBoardsDocs:110 - Set database path to: C:\Users\PC\.stmcufinder\plugins\mcufinder//mcu/
2564-04-14 20:45:14,887 [WARN] DbFile:35 - Overriding database path with different value: C:\Users\PC\.stmcufinder\plugins\mcufinder/ => C:\Users\PC\.stmcufinder\plugins\mcufinder
2564-04-14 20:45:14,887 [INFO] DbBoardsJson:58 - Set database path to: C:\Users\PC\.stmcufinder\plugins\mcufinder//mcu/
2564-04-14 20:45:14,887 [WARN] DbFile:35 - Overriding database path with different value: C:\Users\PC\.stmcufinder\plugins\mcufinder/ => C:\Users\PC\.stmcufinder\plugins\mcufinder
2564-04-14 20:45:14,888 [WARN] DbFile:35 - Overriding database path with different value: C:\Users\PC\.stmcufinder\plugins\mcufinder/ => C:\Users\PC\.stmcufinder\plugins\mcufinder
2564-04-14 20:45:14,888 [INFO] CrossReferenceDbSqlite:196 - Set database path to: C:\Users\PC\.stmcufinder\plugins\mcufinder//mcu/cs/
2564-04-14 20:45:14,888 [WARN] DbFile:35 - Overriding database path with different value: C:\Users\PC\.stmcufinder\plugins\mcufinder/ => C:\Users\PC\.stmcufinder\plugins\mcufinder
2564-04-14 20:45:14,888 [INFO] DbExamplesSqlite:690 - Set database path to: C:\Users\PC\.stmcufinder\plugins\mcufinder//mcu/
2564-04-14 20:45:14,981 [INFO] MainPanel:204 - HeapMemory: 275775488
2564-04-14 20:45:15,090 [INFO] DbMcusXml:74 - Set database path to: C:\ST\STM32CubeIDE_1.6.0\STM32CubeIDE\plugins\com.st.stm32cube.common.mx_6.2.1.202103241236\\db\/mcu/
2564-04-14 20:45:15,090 [INFO] DbBoardsPdsc:56 - Set plugin database path to: C:\ST\STM32CubeIDE_1.6.0\STM32CubeIDE\plugins\com.st.stm32cube.common.mx_6.2.1.202103241236\\db\/plugins/boardmanager/
2564-04-14 20:45:15,091 [INFO] DbMcus:258 - Set plugin images path to: C:\ST\STM32CubeIDE_1.6.0\STM32CubeIDE\plugins\com.st.stm32cube.common.mx_6.2.1.202103241236\\db\/plugins/mcufinder/images/
2564-04-14 20:45:15,092 [INFO] DbBoards:264 - Set plugin images path to: C:\ST\STM32CubeIDE_1.6.0\STM32CubeIDE\plugins\com.st.stm32cube.common.mx_6.2.1.202103241236\\db\/plugins/mcufinder/images/
2564-04-14 20:45:15,092 [INFO] DbExamples:333 - Set plugin images path to: C:\ST\STM32CubeIDE_1.6.0\STM32CubeIDE\plugins\com.st.stm32cube.common.mx_6.2.1.202103241236\\db\/plugins/mcufinder/images/
2564-04-14 20:45:15,093 [WARN] DbFile:35 - Overriding database path with different value: C:\Users\PC\.stmcufinder\plugins\mcufinder/ => C:\Users\PC\.stmcufinder\plugins\mcufinder
2564-04-14 20:45:15,093 [INFO] DbMcusAds:85 - Set database path to: C:\Users\PC\.stmcufinder\plugins\mcufinder//mcu/
2564-04-14 20:45:15,093 [WARN] DbFile:35 - Overriding database path with different value: C:\Users\PC\.stmcufinder\plugins\mcufinder/ => C:\Users\PC\.stmcufinder\plugins\mcufinder
2564-04-14 20:45:15,094 [INFO] DbMcusDocs:110 - Set database path to: C:\Users\PC\.stmcufinder\plugins\mcufinder//mcu/
2564-04-14 20:45:15,094 [WARN] DbFile:35 - Overriding database path with different value: C:\Users\PC\.stmcufinder\plugins\mcufinder/ => C:\Users\PC\.stmcufinder\plugins\mcufinder
2564-04-14 20:45:15,094 [INFO] DbMcusJson:65 - Set database path to: C:\Users\PC\.stmcufinder\plugins\mcufinder//mcu/
2564-04-14 20:45:15,094 [WARN] DbFile:35 - Overriding database path with different value: C:\Users\PC\.stmcufinder\plugins\mcufinder/ => C:\Users\PC\.stmcufinder\plugins\mcufinder
2564-04-14 20:45:15,094 [INFO] DbBoardsDocs:110 - Set database path to: C:\Users\PC\.stmcufinder\plugins\mcufinder//mcu/
2564-04-14 20:45:15,094 [WARN] DbFile:35 - Overriding database path with different value: C:\Users\PC\.stmcufinder\plugins\mcufinder/ => C:\Users\PC\.stmcufinder\plugins\mcufinder
2564-04-14 20:45:15,095 [INFO] DbBoardsJson:58 - Set database path to: C:\Users\PC\.stmcufinder\plugins\mcufinder//mcu/
2564-04-14 20:45:15,095 [WARN] DbFile:35 - Overriding database path with different value: C:\Users\PC\.stmcufinder\plugins\mcufinder/ => C:\Users\PC\.stmcufinder\plugins\mcufinder
2564-04-14 20:45:15,095 [WARN] DbFile:35 - Overriding database path with different value: C:\Users\PC\.stmcufinder\plugins\mcufinder/ => C:\Users\PC\.stmcufinder\plugins\mcufinder
2564-04-14 20:45:15,095 [INFO] CrossReferenceDbSqlite:196 - Set database path to: C:\Users\PC\.stmcufinder\plugins\mcufinder//mcu/cs/
2564-04-14 20:45:15,095 [WARN] DbFile:35 - Overriding database path with different value: C:\Users\PC\.stmcufinder\plugins\mcufinder/ => C:\Users\PC\.stmcufinder\plugins\mcufinder
2564-04-14 20:45:15,096 [INFO] DbExamplesSqlite:690 - Set database path to: C:\Users\PC\.stmcufinder\plugins\mcufinder//mcu/
2564-04-14 20:45:15,119 [INFO] ApplicationProperties:181 - Using Application install path: C:\ST\STM32CubeIDE_1.6.0\STM32CubeIDE\plugins\com.st.stm32cube.common.mx_6.2.1.202103241236
2564-04-14 20:45:15,121 [INFO] PluginManage:178 - Search for loadable plugins [exclusion list=, ]
2564-04-14 20:45:15,123 [INFO] PluginManage:292 - Check plugin analytics
2564-04-14 20:45:15,401 [INFO] AnalyticsPlugin:233 - Accepted Software Licenses: STM32CubeMX.6.0.1
2564-04-14 20:45:15,402 [INFO] AnalyticsPlugin:235 - Accepted CMSIS Pack Licenses: 
2564-04-14 20:45:15,402 [INFO] AnalyticsPlugin:237 - Accepted Firmware Licenses: 
2564-04-14 20:45:15,403 [INFO] PluginManage:342 - Loaded plugin analytics (category:tool,tabindex:-1)
2564-04-14 20:45:15,403 [INFO] PluginManage:292 - Check plugin clock
2564-04-14 20:45:15,435 [INFO] PluginManage:342 - Loaded plugin clock (category:base,tabindex:2)
2564-04-14 20:45:15,436 [INFO] PluginManage:292 - Check plugin ddr
2564-04-14 20:45:15,440 [INFO] PluginManage:342 - Loaded plugin ddr (category:tool,tabindex:6)
2564-04-14 20:45:15,440 [INFO] PluginManage:292 - Check plugin filemanager
2564-04-14 20:45:15,635 [INFO] PluginManage:342 - Loaded plugin filemanager (category:base,tabindex:10)
2564-04-14 20:45:15,635 [INFO] PluginManage:292 - Check plugin ipmanager
2564-04-14 20:45:15,648 [INFO] PluginManage:342 - Loaded plugin ipmanager (category:base,tabindex:5)
2564-04-14 20:45:15,648 [INFO] PluginManage:292 - Check plugin pinoutandconfiguration
2564-04-14 20:45:15,674 [INFO] PluginManage:342 - Loaded plugin pinoutandconfiguration (category:base,tabindex:1)
2564-04-14 20:45:15,674 [INFO] PluginManage:292 - Check plugin pinoutconfig
2564-04-14 20:45:15,725 [INFO] PluginManage:342 - Loaded plugin pinoutconfig (category:base,tabindex:0)
2564-04-14 20:45:15,725 [INFO] PluginManage:292 - Check plugin power
2564-04-14 20:45:15,755 [INFO] PluginManage:342 - Loaded plugin power (category:power,tabindex:4)
2564-04-14 20:45:15,755 [INFO] PluginManage:292 - Check plugin projectmanager
2564-04-14 20:45:15,781 [INFO] PluginManage:342 - Loaded plugin projectmanager (category:projectmanager,tabindex:3)
2564-04-14 20:45:15,781 [INFO] PluginManage:292 - Check plugin thirdparty
2564-04-14 20:45:16,100 [INFO] PluginManage:342 - Loaded plugin thirdparty (category:base,tabindex:-1)
2564-04-14 20:45:16,101 [WARN] IntegrityCheckThread:59 - waiting for thirdparty lock release [integrity check]
2564-04-14 20:45:16,101 [INFO] PluginManage:292 - Check plugin tools
2564-04-14 20:45:16,101 [INFO] IntegrityCheckThread:61 - entering critical section [integrity check]
2564-04-14 20:45:16,102 [INFO] ThirdPartyUpdaterWithRetryManager:56 - Updater plugin not ready yet. [1/15]
2564-04-14 20:45:16,174 [INFO] PluginManage:342 - Loaded plugin tools (category:base,tabindex:7)
2564-04-14 20:45:16,174 [INFO] PluginManage:292 - Check plugin tutovideos
2564-04-14 20:45:16,530 [INFO] PluginManage:342 - Loaded plugin tutovideos (category:base,tabindex:-1)
2564-04-14 20:45:16,530 [INFO] PluginManage:292 - Check plugin updater
2564-04-14 20:45:16,550 [INFO] PluginManage:342 - Loaded plugin updater (category:base,tabindex:12)
2564-04-14 20:45:16,551 [INFO] PluginManage:265 - PluginManage : Loaded plugins [13]
2564-04-14 20:45:16,801 [INFO] PinOutPanel:1435 - setPackage(No Configuration,No Configuration)
2564-04-14 20:45:16,958 [INFO] IPUIPlugin:64 - create IPUIPlugin
2564-04-14 20:45:16,959 [INFO] PluginManager:203 - loadIPPluginJar : add adc
2564-04-14 20:45:17,020 [INFO] IPUIPlugin:64 - create IPUIPlugin
2564-04-14 20:45:17,020 [INFO] PluginManager:203 - loadIPPluginJar : add aes
2564-04-14 20:45:17,083 [INFO] IPUIPlugin:64 - create IPUIPlugin
2564-04-14 20:45:17,083 [INFO] PluginManager:203 - loadIPPluginJar : add can
2564-04-14 20:45:17,125 [INFO] IPUIPlugin:64 - create IPUIPlugin
2564-04-14 20:45:17,125 [INFO] PluginManager:203 - loadIPPluginJar : add comp
2564-04-14 20:45:17,193 [INFO] IPUIPlugin:64 - create IPUIPlugin
2564-04-14 20:45:17,193 [INFO] PluginManager:203 - loadIPPluginJar : add cryp
2564-04-14 20:45:17,244 [INFO] IPUIPlugin:64 - create IPUIPlugin
2564-04-14 20:45:17,245 [INFO] PluginManager:203 - loadIPPluginJar : add dfsdm
2564-04-14 20:45:17,264 [INFO] IPUIPlugin:64 - create IPUIPlugin
2564-04-14 20:45:17,265 [INFO] PluginManager:203 - loadIPPluginJar : add dma
2564-04-14 20:45:17,301 [INFO] IPUIPlugin:64 - create IPUIPlugin
2564-04-14 20:45:17,302 [INFO] PluginManager:203 - loadIPPluginJar : add fatfs
2564-04-14 20:45:17,372 [INFO] IPUIPlugin:64 - create IPUIPlugin
2564-04-14 20:45:17,372 [INFO] PluginManager:203 - loadIPPluginJar : add fmc
2564-04-14 20:45:17,391 [INFO] IPUIPlugin:64 - create IPUIPlugin
2564-04-14 20:45:17,391 [INFO] PluginManager:203 - loadIPPluginJar : add freertos
2564-04-14 20:45:17,429 [INFO] IPUIPlugin:64 - create IPUIPlugin
2564-04-14 20:45:17,429 [INFO] PluginManager:203 - loadIPPluginJar : add genericplugin
2564-04-14 20:45:17,550 [INFO] IPUIPlugin:64 - create IPUIPlugin
2564-04-14 20:45:17,550 [INFO] PluginManager:203 - loadIPPluginJar : add gfxmmu
2564-04-14 20:45:17,714 [INFO] IPUIPlugin:64 - create IPUIPlugin
2564-04-14 20:45:17,714 [INFO] PluginManager:203 - loadIPPluginJar : add gic
2564-04-14 20:45:17,732 [INFO] IPUIPlugin:64 - create IPUIPlugin
2564-04-14 20:45:17,732 [INFO] PluginManager:203 - loadIPPluginJar : add gpio
2564-04-14 20:45:17,823 [INFO] IPUIPlugin:64 - create IPUIPlugin
2564-04-14 20:45:17,824 [INFO] PluginManager:203 - loadIPPluginJar : add gtzc
2564-04-14 20:45:17,868 [INFO] IPUIPlugin:64 - create IPUIPlugin
2564-04-14 20:45:17,868 [INFO] PluginManager:203 - loadIPPluginJar : add hash
2564-04-14 20:45:17,944 [INFO] IPUIPlugin:64 - create IPUIPlugin
2564-04-14 20:45:17,945 [INFO] PluginManager:203 - loadIPPluginJar : add i2c
2564-04-14 20:45:18,005 [INFO] IPUIPlugin:64 - create IPUIPlugin
2564-04-14 20:45:18,005 [INFO] PluginManager:203 - loadIPPluginJar : add i2s
2564-04-14 20:45:18,022 [INFO] IPUIPlugin:64 - create IPUIPlugin
2564-04-14 20:45:18,023 [INFO] PluginManager:203 - loadIPPluginJar : add ipddr
2564-04-14 20:45:18,076 [INFO] IPUIPlugin:64 - create IPUIPlugin
2564-04-14 20:45:18,076 [INFO] PluginManager:203 - loadIPPluginJar : add lorawan
2564-04-14 20:45:18,137 [INFO] IPUIPlugin:64 - create IPUIPlugin
2564-04-14 20:45:18,138 [INFO] PluginManager:203 - loadIPPluginJar : add ltdc
2564-04-14 20:45:18,157 [INFO] IPUIPlugin:64 - create IPUIPlugin
2564-04-14 20:45:18,157 [INFO] PluginManager:203 - loadIPPluginJar : add mdma
2564-04-14 20:45:18,175 [INFO] IPUIPlugin:64 - create IPUIPlugin
2564-04-14 20:45:18,175 [INFO] PluginManager:203 - loadIPPluginJar : add nvic
2564-04-14 20:45:18,243 [INFO] IPUIPlugin:64 - create IPUIPlugin
2564-04-14 20:45:18,244 [INFO] PluginManager:203 - loadIPPluginJar : add opamp
2564-04-14 20:45:18,330 [INFO] IPUIPlugin:64 - create IPUIPlugin
2564-04-14 20:45:18,331 [INFO] PluginManager:203 - loadIPPluginJar : add openamp
2564-04-14 20:45:18,409 [INFO] IPUIPlugin:64 - create IPUIPlugin
2564-04-14 20:45:18,410 [INFO] PluginManager:203 - loadIPPluginJar : add pdm2pcm
2564-04-14 20:45:18,435 [INFO] IPUIPlugin:64 - create IPUIPlugin
2564-04-14 20:45:18,440 [INFO] PluginManager:203 - loadIPPluginJar : add plateformsettings
2564-04-14 20:45:18,479 [INFO] IPUIPlugin:64 - create IPUIPlugin
2564-04-14 20:45:18,480 [INFO] PluginManager:203 - loadIPPluginJar : add quadspi
2564-04-14 20:45:18,496 [INFO] IPUIPlugin:64 - create IPUIPlugin
2564-04-14 20:45:18,497 [INFO] PluginManager:203 - loadIPPluginJar : add resmgrutility
2564-04-14 20:45:18,566 [INFO] IPUIPlugin:64 - create IPUIPlugin
2564-04-14 20:45:18,566 [INFO] PluginManager:203 - loadIPPluginJar : add sai
2564-04-14 20:45:18,623 [INFO] IPUIPlugin:64 - create IPUIPlugin
2564-04-14 20:45:18,624 [INFO] PluginManager:203 - loadIPPluginJar : add spi
2564-04-14 20:45:18,697 [INFO] IPUIPlugin:64 - create IPUIPlugin
2564-04-14 20:45:18,697 [INFO] PluginManager:203 - loadIPPluginJar : add stm32_wpan
2564-04-14 20:45:18,738 [INFO] IPUIPlugin:64 - create IPUIPlugin
2564-04-14 20:45:18,738 [INFO] PluginManager:203 - loadIPPluginJar : add tim
2564-04-14 20:45:18,820 [INFO] IPUIPlugin:64 - create IPUIPlugin
2564-04-14 20:45:18,820 [INFO] PluginManager:203 - loadIPPluginJar : add touchsensing
2564-04-14 20:45:18,860 [INFO] IPUIPlugin:64 - create IPUIPlugin
2564-04-14 20:45:18,860 [INFO] PluginManager:203 - loadIPPluginJar : add tracer_emb
2564-04-14 20:45:18,900 [INFO] IPUIPlugin:64 - create IPUIPlugin
2564-04-14 20:45:18,901 [INFO] PluginManager:203 - loadIPPluginJar : add ts
2564-04-14 20:45:18,940 [INFO] IPUIPlugin:64 - create IPUIPlugin
2564-04-14 20:45:18,941 [INFO] PluginManager:203 - loadIPPluginJar : add tsc
2564-04-14 20:45:18,979 [INFO] IPUIPlugin:64 - create IPUIPlugin
2564-04-14 20:45:18,979 [INFO] PluginManager:203 - loadIPPluginJar : add ucpd
2564-04-14 20:45:19,044 [INFO] IPUIPlugin:64 - create IPUIPlugin
2564-04-14 20:45:19,044 [INFO] PluginManager:203 - loadIPPluginJar : add usart
2564-04-14 20:45:19,105 [INFO] ThirdPartyUpdaterWithRetryManager:56 - Updater plugin not ready yet. [2/15]
2564-04-14 20:45:19,436 [FATAL] Updater:284 - Updater called before beeing initialized
2564-04-14 20:45:19,619 [FATAL] Updater:284 - Updater called before beeing initialized
2564-04-14 20:45:19,635 [INFO] DbMcusAds:132 - JSON generation date=Thu Feb 11 21:55:24 ICT 2021 (1613055324029)
2564-04-14 20:45:19,635 [FATAL] Updater:284 - Updater called before beeing initialized
2564-04-14 20:45:19,685 [WARN] DetailPanel:315 - Failed to get advertising image, set to default
2564-04-14 20:45:19,982 [FATAL] Updater:284 - Updater called before beeing initialized
2564-04-14 20:45:19,986 [FATAL] Updater:284 - Updater called before beeing initialized
2564-04-14 20:45:19,987 [FATAL] Updater:284 - Updater called before beeing initialized
2564-04-14 20:45:19,987 [WARN] DetailPanel:315 - Failed to get advertising image, set to default
2564-04-14 20:45:19,989 [FATAL] Updater:284 - Updater called before beeing initialized
2564-04-14 20:45:20,066 [FATAL] Updater:284 - Updater called before beeing initialized
2564-04-14 20:45:20,067 [WARN] ThirdParty:796 - waiting for thirdparty lock release [close project]
2564-04-14 20:45:22,121 [FATAL] Updater:284 - Updater called before beeing initialized
2564-04-14 20:45:22,121 [ERROR] AbstractThirdPartyUpdaterManager:153 - class java.lang.Integer cannot be cast to class java.util.List (java.lang.Integer and java.util.List are in module java.base of loader 'bootstrap')
2564-04-14 20:45:22,121 [INFO] ThirdParty:900 - Integrity check success = false
2564-04-14 20:45:22,122 [INFO] IntegrityCheckThread:75 - exiting critical section [integrity check]
2564-04-14 20:45:22,122 [INFO] IntegrityCheckThread:78 - End integrity checks thread
2564-04-14 20:45:22,122 [INFO] ThirdParty:798 - entering critical section [close project]
2564-04-14 20:45:22,124 [INFO] ThirdParty:809 - exiting critical section [close project]
2564-04-14 20:45:22,130 [INFO] PinOutPanel:1435 - setPackage(No Configuration,No Configuration)
2564-04-14 20:45:22,131 [FATAL] Updater:284 - Updater called before beeing initialized
2564-04-14 20:45:22,152 [ERROR] Updater:1065 - MainUpdater not yet initialized. External WinMGr cannot be set.
2564-04-14 20:45:22,166 [INFO] Updater:1002 - Updater Version found : 6.2.1
2564-04-14 20:45:22,212 [INFO] ApplicationProperties:181 - Using Application install path: C:\ST\STM32CubeIDE_1.6.0\STM32CubeIDE\plugins\com.st.stm32cube.common.mx_6.2.1.202103241236
2564-04-14 20:45:22,331 [INFO] MainUpdater:479 - Copy updater definitions from MX database
2564-04-14 20:45:22,418 [INFO] MainUpdater:2661 - connection check result : 10
2564-04-14 20:45:22,419 [INFO] MainUpdater:3349 - Updater definition file requires update
2564-04-14 20:45:22,420 [INFO] MainUpdater:255 - Updater Check For Update Now.
2564-04-14 20:45:22,421 [INFO] MicroXplorer:472 - Change Database Version : DB.6.0.21
2564-04-14 20:45:22,474 [INFO] ServerAccessManage:348 - Download File updaters.zip
2564-04-14 20:45:22,560 [INFO] FileExtend:225 - Unzip File : updaters.zip
2564-04-14 20:45:22,561 [INFO] FileExtend:240 - Standard Zip Deflate
2564-04-14 20:45:23,074 [INFO] ServerAccessManage:348 - Download File PacksControlFlags.xml
2564-04-14 20:45:23,125 [INFO] ServerAccessManage:348 - Download File cubemx.pidx
2564-04-14 20:45:23,310 [INFO] LoadServerUpdatesThread:329 - End of LoadServerUpdate Thread
2564-04-14 20:45:23,377 [INFO] CheckServerUpdateThread:102 - End of CheckServer Thread
2564-04-14 20:45:23,436 [INFO] MainUpdater:2661 - connection check result : 10
2564-04-14 20:45:23,457 [INFO] MainUpdater:2661 - connection check result : 10
2564-04-14 20:45:23,882 [INFO] MicroXplorer:442 - Change Database Path : 
2564-04-14 20:45:23,882 [INFO] MicroXplorer:472 - Change Database Version : DB.6.0.21
2564-04-14 20:45:23,882 [WARN] ThirdParty:796 - waiting for thirdparty lock release [close project]
2564-04-14 20:45:23,882 [INFO] ThirdParty:798 - entering critical section [close project]
2564-04-14 20:45:23,883 [INFO] ThirdParty:809 - exiting critical section [close project]
2564-04-14 20:45:23,890 [INFO] PinOutPanel:1435 - setPackage(No Configuration,No Configuration)
2564-04-14 20:45:23,891 [INFO] UtilMem:74 - Begin LoadConfig() Used Memory: 237545144 Bytes (332398592)
2564-04-14 20:45:23,897 [INFO] MicroXplorer:442 - Change Database Path : C:/Users/PC/.stm32cubemx/databases/DB.6.0.0/db/
2564-04-14 20:45:23,897 [INFO] MicroXplorer:472 - Change Database Version : DB.6.0.0
2564-04-14 20:45:26,343 [INFO] OpenFileManager:303 - Change cursor
2564-04-14 20:45:26,359 [WARN] IntegrityCheckThread:59 - waiting for thirdparty lock release [integrity check]
2564-04-14 20:45:26,360 [INFO] IntegrityCheckThread:61 - entering critical section [integrity check]
2564-04-14 20:45:26,394 [INFO] ThirdParty:900 - Integrity check success = true
2564-04-14 20:45:26,395 [INFO] IntegrityCheckThread:75 - exiting critical section [integrity check]
2564-04-14 20:45:26,395 [INFO] IntegrityCheckThread:78 - End integrity checks thread
2564-04-14 20:45:27,888 [INFO] Context:587 - Trying to add GPIOservice into a context  which must be forbidden
2564-04-14 20:45:28,329 [INFO] RtosManager:470 - Registered RTOS mode: class=CMSIS, group=RTOS, mode=CMSIS_V1, owner=FREERTOS
2564-04-14 20:45:28,329 [INFO] RtosManager:470 - Registered RTOS mode: class=CMSIS, group=RTOS2, mode=CMSIS_V2, owner=FREERTOS
2564-04-14 20:45:28,329 [INFO] RtosManager:470 - Registered RTOS mode: class=RTOS, group=Core, mode=CMSIS_V1, owner=FREERTOS
2564-04-14 20:45:28,330 [INFO] RtosManager:470 - Registered RTOS mode: class=RTOS, group=Core, mode=CMSIS_V2, owner=FREERTOS
2564-04-14 20:45:28,330 [WARN] ModelIntegratedComponent:182 - Missing modes for component STMicroelectronics:FreeRTOS:0.0.1:STMicroelectronics:RTOS:FreeRTOS:Core:::10.2.0:
2564-04-14 20:45:28,335 [WARN] ModelIntegratedComponent:51 - No mode defined for component null
2564-04-14 20:45:28,336 [WARN] ModelIntegratedComponent:51 - No mode defined for component null
2564-04-14 20:45:28,337 [WARN] ModelIntegratedComponent:51 - No mode defined for component null
2564-04-14 20:45:28,337 [WARN] ModelIntegratedComponent:51 - No mode defined for component null
2564-04-14 20:45:28,337 [WARN] ModelIntegratedComponent:51 - No mode defined for component null
2564-04-14 20:45:28,337 [WARN] ModelIntegratedComponent:51 - No mode defined for component null
2564-04-14 20:45:28,338 [WARN] ModelIntegratedComponent:51 - No mode defined for component null
2564-04-14 20:45:28,338 [WARN] ModelIntegratedComponent:51 - No mode defined for component null
2564-04-14 20:45:28,338 [WARN] ModelIntegratedComponent:51 - No mode defined for component null
2564-04-14 20:45:28,338 [WARN] ModelIntegratedComponent:51 - No mode defined for component null
2564-04-14 20:45:28,338 [WARN] ModelIntegratedComponent:51 - No mode defined for component null
2564-04-14 20:45:28,338 [WARN] ModelIntegratedComponent:51 - No mode defined for component null
2564-04-14 20:45:28,338 [WARN] ModelIntegratedComponent:51 - No mode defined for component null
2564-04-14 20:45:28,338 [WARN] ModelIntegratedComponent:51 - No mode defined for component null
2564-04-14 20:45:28,339 [WARN] ModelIntegratedComponent:51 - No mode defined for component null
2564-04-14 20:45:28,339 [WARN] ModelIntegratedComponent:51 - No mode defined for component null
2564-04-14 20:45:28,339 [WARN] ModelIntegratedComponent:51 - No mode defined for component null
2564-04-14 20:45:28,339 [WARN] ModelIntegratedComponent:51 - No mode defined for component null
2564-04-14 20:45:28,339 [WARN] ModelIntegratedComponent:51 - No mode defined for component null
2564-04-14 20:45:28,340 [WARN] ModelIntegratedComponent:51 - No mode defined for component null
2564-04-14 20:45:28,340 [WARN] ModelIntegratedComponent:51 - No mode defined for component null
2564-04-14 20:45:28,340 [WARN] ModelIntegratedComponent:51 - No mode defined for component null
2564-04-14 20:45:28,340 [WARN] ModelIntegratedComponent:51 - No mode defined for component null
2564-04-14 20:45:28,340 [WARN] ModelIntegratedComponent:51 - No mode defined for component null
2564-04-14 20:45:28,340 [WARN] ModelIntegratedComponent:51 - No mode defined for component null
2564-04-14 20:45:28,340 [WARN] ModelIntegratedComponent:51 - No mode defined for component null
2564-04-14 20:45:28,340 [WARN] ModelIntegratedComponent:51 - No mode defined for component null
2564-04-14 20:45:28,356 [INFO] ImportTextPane:162 - (OptionalMessage_ERROR) IP (RCC) : Parameter (ADCFreqValue) has invalid value (36000000)
2564-04-14 20:45:28,357 [INFO] ImportTextPane:162 - (OptionalMessage_ERROR) IP (RCC) : Invalid parameter (FamilyName)
2564-04-14 20:45:28,357 [INFO] ImportTextPane:162 - (OptionalMessage_ERROR) IP (RCC) : Parameter (MCOFreq_Value) has invalid value (72000000)
2564-04-14 20:45:28,358 [INFO] ImportTextPane:162 - (OptionalMessage_ERROR) IP (RCC) : Parameter (USBFreq_Value) has invalid value (72000000)
2564-04-14 20:45:28,596 [INFO] UtilMem:74 - End LoadConfig() Used Memory: 348881904 Bytes (451936256)
2564-04-14 20:45:28,598 [INFO] DbMcusXml:100 - Load MCU database from C:\ST\STM32CubeIDE_1.6.0\STM32CubeIDE\plugins\com.st.stm32cube.common.mx_6.2.1.202103241236\\db\/mcu/families.xml
2564-04-14 20:45:29,633 [INFO] DbMcusJson:94 - JSON generation date=Mon Feb 08 20:35:07 ICT 2021 (1612791307)
2564-04-14 20:45:30,572 [INFO] DbMcus:175 - Found 1906 MCUs (1866 are supported by CubeMX, 1866 are visible in CubeMX)
2564-04-14 20:45:30,573 [INFO] ApiDb:251 - Load user favorites file C:\Users\PC/.stm32cubeide/favorites.mcus.txt: 0 item(s)
2564-04-14 20:45:30,574 [INFO] ApiDb:255 - User favorites MCUs=[]
2564-04-14 20:45:30,574 [INFO] DbMcus:187 - Set 0 / 0 favorites MCUs
2564-04-14 20:45:30,587 [WARN] ThirdParty:762 - waiting for thirdparty lock release [change project]
2564-04-14 20:45:30,588 [INFO] ThirdParty:764 - entering critical section [change project]
2564-04-14 20:45:30,588 [INFO] ThirdParty:952 - CMSIS Pack Vendor :STMicroelectronics USB_HOST 2.0.0
2564-04-14 20:45:30,588 [INFO] ThirdParty:952 - CMSIS Pack Vendor :STMicroelectronics FreeRTOS 0.0.1
2564-04-14 20:45:30,588 [INFO] ThirdParty:952 - CMSIS Pack Vendor :STMicroelectronics USB_DEVICE 1.0.0
2564-04-14 20:45:30,588 [INFO] ThirdParty:952 - CMSIS Pack Vendor :STMicroelectronics USB_DEVICE 3.0.0
2564-04-14 20:45:30,588 [INFO] ThirdParty:952 - CMSIS Pack Vendor :STMicroelectronics HAL Drivers 0.0.0
2564-04-14 20:45:30,588 [INFO] ThirdParty:952 - CMSIS Pack Vendor :STMicroelectronics MBEDTLS 2.16.2
2564-04-14 20:45:30,588 [INFO] ThirdParty:952 - CMSIS Pack Vendor :STMicroelectronics lwIP 2.0.3
2564-04-14 20:45:30,589 [INFO] ThirdParty:952 - CMSIS Pack Vendor :STMicroelectronics lwIP 2.1.2
2564-04-14 20:45:30,589 [INFO] ThirdParty:952 - CMSIS Pack Vendor :STMicroelectronics MBEDTLS 2.14.1
2564-04-14 20:45:30,589 [INFO] ThirdParty:952 - CMSIS Pack Vendor :STMicroelectronics USB_HOST 1.0.0
2564-04-14 20:45:30,589 [INFO] ThirdParty:952 - CMSIS Pack Vendor :STMicroelectronics PDM2PCM 3.1.0
2564-04-14 20:45:30,589 [INFO] ThirdParty:952 - CMSIS Pack Vendor :STMicroelectronics PDM2PCM 3.2.0
2564-04-14 20:45:30,589 [INFO] ThirdParty:952 - CMSIS Pack Vendor :STMicroelectronics USB_DEVICE 2.0.0
2564-04-14 20:45:30,589 [INFO] ThirdParty:952 - CMSIS Pack Vendor :STMicroelectronics PDM2PCM 3.3.0
2564-04-14 20:45:30,590 [INFO] ThirdParty:770 - exiting critical section [change project]
2564-04-14 20:45:31,068 [INFO] PinOutPanel:1435 - setPackage(No Configuration,No Configuration)
2564-04-14 20:45:31,072 [INFO] PinOutPanel:1435 - setPackage(STM32F103CBTx,LQFP48)
2564-04-14 20:45:31,683 [INFO] UtilMem:74 - Before build in PCC Used Memory: 491143680 Bytes (672137216)
2564-04-14 20:45:32,289 [INFO] SharedServices:72 - Folder for power plug-in: C:/Users/PC/.stm32cubemx/plugins/power
2564-04-14 20:45:32,369 [INFO] SharedServices:72 - Folder for power plug-in: C:/Users/PC/.stm32cubemx/plugins/power
2564-04-14 20:45:32,428 [INFO] SharedServices:72 - Folder for power plug-in: C:/Users/PC/.stm32cubemx/plugins/power
2564-04-14 20:45:32,435 [INFO] SharedServices:72 - Folder for power plug-in: C:/Users/PC/.stm32cubemx/plugins/power
2564-04-14 20:45:32,663 [INFO] UtilMem:74 - After build in PCC Used Memory: 508993312 Bytes (721420288)
2564-04-14 20:45:32,722 [INFO] IPUIPlugin:64 - create IPUIPlugin
2564-04-14 20:45:32,723 [INFO] IPUIPlugin:64 - create IPUIPlugin
2564-04-14 20:45:32,723 [INFO] IPUIPlugin:64 - create IPUIPlugin
2564-04-14 20:45:32,723 [INFO] IPUIPlugin:64 - create IPUIPlugin
2564-04-14 20:45:32,723 [INFO] IPUIPlugin:64 - create IPUIPlugin
2564-04-14 20:45:32,724 [INFO] IPUIPlugin:64 - create IPUIPlugin
2564-04-14 20:45:32,724 [INFO] IPUIPlugin:64 - create IPUIPlugin
2564-04-14 20:45:32,724 [INFO] IPUIPlugin:64 - create IPUIPlugin
2564-04-14 20:45:32,724 [INFO] IPUIPlugin:64 - create IPUIPlugin
2564-04-14 20:45:32,724 [INFO] IPUIPlugin:64 - create IPUIPlugin
2564-04-14 20:45:32,725 [INFO] IPUIPlugin:64 - create IPUIPlugin
2564-04-14 20:45:32,725 [INFO] IPUIPlugin:64 - create IPUIPlugin
2564-04-14 20:45:32,725 [INFO] IPUIPlugin:64 - create IPUIPlugin
2564-04-14 20:45:32,726 [INFO] IPUIPlugin:64 - create IPUIPlugin
2564-04-14 20:45:32,726 [INFO] IPUIPlugin:64 - create IPUIPlugin
2564-04-14 20:45:32,727 [INFO] IPUIPlugin:64 - create IPUIPlugin
2564-04-14 20:45:32,727 [INFO] IPUIPlugin:64 - create IPUIPlugin
2564-04-14 20:45:32,727 [INFO] IPUIPlugin:64 - create IPUIPlugin
2564-04-14 20:45:32,728 [INFO] IPUIPlugin:64 - create IPUIPlugin
2564-04-14 20:45:32,728 [INFO] IPUIPlugin:64 - create IPUIPlugin
2564-04-14 20:45:32,729 [INFO] IPUIPlugin:64 - create IPUIPlugin
2564-04-14 20:45:32,729 [INFO] IPUIPlugin:64 - create IPUIPlugin
2564-04-14 20:45:32,730 [INFO] IPUIPlugin:64 - create IPUIPlugin
2564-04-14 20:45:32,730 [INFO] IPUIPlugin:64 - create IPUIPlugin
2564-04-14 20:45:32,731 [INFO] IPUIPlugin:64 - create IPUIPlugin
2564-04-14 20:45:32,731 [INFO] IPUIPlugin:64 - create IPUIPlugin
2564-04-14 20:45:32,732 [INFO] IPUIPlugin:64 - create IPUIPlugin
2564-04-14 20:45:32,767 [INFO] LogOutputStream:76 - [STDOUT_REDIRECT] toolchainItems.length=====1
2564-04-14 20:45:32,927 [INFO] OpenFileManager:323 - Restore cursor
2564-04-14 20:45:32,960 [INFO] UtilMem:74 - End SaveConfig() Used Memory: 479717376 Bytes (721420288)
2564-04-14 21:03:44,958 [INFO] Activator:170 - 


2564-04-14 21:03:44,961 [INFO] Activator:171 - !SESSION log4j initialized
2564-04-15 22:20:00,838 [INFO] Activator:170 - 


2564-04-15 22:20:00,858 [INFO] Activator:171 - !SESSION log4j initialized
